2024-11-14T22:26:29.178+0700 [DEBUG] [org.gradle.launcher.daemon.bootstrap.DaemonMain] Assuming the daemon was started with following jvm opts: [--add-opens=java.base/java.util=ALL-UNNAMED, --add-opens=java.base/java.lang=ALL-UNNAMED, --add-opens=java.base/java.lang.invoke=ALL-UNNAMED, --add-opens=java.prefs/java.util.prefs=ALL-UNNAMED, --add-opens=java.base/java.nio.charset=ALL-UNNAMED, --add-opens=java.base/java.net=ALL-UNNAMED, --add-opens=java.base/java.util.concurrent.atomic=ALL-UNNAMED, -Xmx4608m, -Dfile.encoding=UTF-8, -Duser.country=US, -Duser.language=en, -Duser.variant]
2024-11-14T22:26:29.367+0700 [DEBUG] [org.gradle.internal.nativeintegration.services.NativeServices] Native-platform posix files integration is not available. Continuing with fallback.
2024-11-14T22:26:29.380+0700 [INFO] [org.gradle.launcher.daemon.server.Daemon] start() called on daemon - DefaultDaemonContext[uid=09227276-2317-4890-892d-b2f42eec3d65,javaHome=C:\Program Files\Android\Android Studio\jbr,daemonRegistryDir=C:\Users\Hello\AndroidStudioProjects\QLTV 2.0\MOB2041_DuAnMauAndroid\daemon,pid=5136,idleTimeout=10800000,priority=NORMAL,applyInstrumentationAgent=true,daemonOpts=--add-opens=java.base/java.util=ALL-UNNAMED,--add-opens=java.base/java.lang=ALL-UNNAMED,--add-opens=java.base/java.lang.invoke=ALL-UNNAMED,--add-opens=java.prefs/java.util.prefs=ALL-UNNAMED,--add-opens=java.base/java.nio.charset=ALL-UNNAMED,--add-opens=java.base/java.net=ALL-UNNAMED,--add-opens=java.base/java.util.concurrent.atomic=ALL-UNNAMED,-Xmx4608m,-Dfile.encoding=UTF-8,-Duser.country=US,-Duser.language=en,-Duser.variant]
2024-11-14T22:26:29.476+0700 [DEBUG] [org.gradle.internal.remote.internal.inet.InetAddresses] Adding IP addresses for network interface Software Loopback Interface 1
2024-11-14T22:26:29.478+0700 [DEBUG] [org.gradle.internal.remote.internal.inet.InetAddresses] Is this a loopback interface? true
2024-11-14T22:26:29.478+0700 [DEBUG] [org.gradle.internal.remote.internal.inet.InetAddresses] Adding loopback address /127.0.0.1
2024-11-14T22:26:29.478+0700 [DEBUG] [org.gradle.internal.remote.internal.inet.InetAddresses] Adding loopback address /0:0:0:0:0:0:0:1
2024-11-14T22:26:29.479+0700 [DEBUG] [org.gradle.internal.remote.internal.inet.InetAddresses] Adding IP addresses for network interface Intel(R) 82574L Gigabit Network Connection
2024-11-14T22:26:29.481+0700 [DEBUG] [org.gradle.internal.remote.internal.inet.InetAddresses] Is this a loopback interface? false
2024-11-14T22:26:29.481+0700 [DEBUG] [org.gradle.internal.remote.internal.inet.InetAddresses] Adding IP addresses for network interface Microsoft 6to4 Adapter
2024-11-14T22:26:29.482+0700 [DEBUG] [org.gradle.internal.remote.internal.inet.InetAddresses] Is this a loopback interface? false
2024-11-14T22:26:29.483+0700 [DEBUG] [org.gradle.internal.remote.internal.inet.InetAddresses] Adding IP addresses for network interface WAN Miniport (IP)
2024-11-14T22:26:29.485+0700 [DEBUG] [org.gradle.internal.remote.internal.inet.InetAddresses] Is this a loopback interface? false
2024-11-14T22:26:29.485+0700 [DEBUG] [org.gradle.internal.remote.internal.inet.InetAddresses] Adding IP addresses for network interface Microsoft IP-HTTPS Platform Adapter
2024-11-14T22:26:29.486+0700 [DEBUG] [org.gradle.internal.remote.internal.inet.InetAddresses] Is this a loopback interface? false
2024-11-14T22:26:29.486+0700 [DEBUG] [org.gradle.internal.remote.internal.inet.InetAddresses] Adding IP addresses for network interface WAN Miniport (IPv6)
2024-11-14T22:26:29.488+0700 [DEBUG] [org.gradle.internal.remote.internal.inet.InetAddresses] Is this a loopback interface? false
2024-11-14T22:26:29.488+0700 [DEBUG] [org.gradle.internal.remote.internal.inet.InetAddresses] Adding IP addresses for network interface WAN Miniport (SSTP)
2024-11-14T22:26:29.489+0700 [DEBUG] [org.gradle.internal.remote.internal.inet.InetAddresses] Is this a loopback interface? false
2024-11-14T22:26:29.489+0700 [DEBUG] [org.gradle.internal.remote.internal.inet.InetAddresses] Adding IP addresses for network interface WAN Miniport (PPTP)
2024-11-14T22:26:29.491+0700 [DEBUG] [org.gradle.internal.remote.internal.inet.InetAddresses] Is this a loopback interface? false
2024-11-14T22:26:29.491+0700 [DEBUG] [org.gradle.internal.remote.internal.inet.InetAddresses] Adding IP addresses for network interface Microsoft Kernel Debug Network Adapter
2024-11-14T22:26:29.493+0700 [DEBUG] [org.gradle.internal.remote.internal.inet.InetAddresses] Is this a loopback interface? false
2024-11-14T22:26:29.493+0700 [DEBUG] [org.gradle.internal.remote.internal.inet.InetAddresses] Adding IP addresses for network interface Microsoft Wi-Fi Direct Virtual Adapter
2024-11-14T22:26:29.495+0700 [DEBUG] [org.gradle.internal.remote.internal.inet.InetAddresses] Is this a loopback interface? false
2024-11-14T22:26:29.495+0700 [DEBUG] [org.gradle.internal.remote.internal.inet.InetAddresses] Adding remote address /fe80:0:0:0:d717:7b70:4483:d539%wlan0
2024-11-14T22:26:29.496+0700 [DEBUG] [org.gradle.internal.remote.internal.inet.InetAddresses] Adding IP addresses for network interface WAN Miniport (PPPOE)
2024-11-14T22:26:29.498+0700 [DEBUG] [org.gradle.internal.remote.internal.inet.InetAddresses] Is this a loopback interface? false
2024-11-14T22:26:29.498+0700 [DEBUG] [org.gradle.internal.remote.internal.inet.InetAddresses] Adding IP addresses for network interface WAN Miniport (IKEv2)
2024-11-14T22:26:29.500+0700 [DEBUG] [org.gradle.internal.remote.internal.inet.InetAddresses] Is this a loopback interface? false
2024-11-14T22:26:29.500+0700 [DEBUG] [org.gradle.internal.remote.internal.inet.InetAddresses] Adding IP addresses for network interface WAN Miniport (L2TP)
2024-11-14T22:26:29.502+0700 [DEBUG] [org.gradle.internal.remote.internal.inet.InetAddresses] Is this a loopback interface? false
2024-11-14T22:26:29.502+0700 [DEBUG] [org.gradle.internal.remote.internal.inet.InetAddresses] Adding IP addresses for network interface VMware Virtual Ethernet Adapter for VMnet8
2024-11-14T22:26:29.504+0700 [DEBUG] [org.gradle.internal.remote.internal.inet.InetAddresses] Is this a loopback interface? false
2024-11-14T22:26:29.505+0700 [DEBUG] [org.gradle.internal.remote.internal.inet.InetAddresses] Adding IP addresses for network interface VMware Virtual Ethernet Adapter for VMnet1
2024-11-14T22:26:29.506+0700 [DEBUG] [org.gradle.internal.remote.internal.inet.InetAddresses] Is this a loopback interface? false
2024-11-14T22:26:29.506+0700 [DEBUG] [org.gradle.internal.remote.internal.inet.InetAddresses] Adding IP addresses for network interface Microsoft Teredo Tunneling Adapter
2024-11-14T22:26:29.508+0700 [DEBUG] [org.gradle.internal.remote.internal.inet.InetAddresses] Is this a loopback interface? false
2024-11-14T22:26:29.508+0700 [DEBUG] [org.gradle.internal.remote.internal.inet.InetAddresses] Adding IP addresses for network interface Killer E2600 Gigabit Ethernet Controller
2024-11-14T22:26:29.509+0700 [DEBUG] [org.gradle.internal.remote.internal.inet.InetAddresses] Is this a loopback interface? false
2024-11-14T22:26:29.509+0700 [DEBUG] [org.gradle.internal.remote.internal.inet.InetAddresses] Adding remote address /fe80:0:0:0:e360:241a:56c3:be17%eth6
2024-11-14T22:26:29.509+0700 [DEBUG] [org.gradle.internal.remote.internal.inet.InetAddresses] Adding IP addresses for network interface WAN Miniport (Network Monitor)
2024-11-14T22:26:29.511+0700 [DEBUG] [org.gradle.internal.remote.internal.inet.InetAddresses] Is this a loopback interface? false
2024-11-14T22:26:29.511+0700 [DEBUG] [org.gradle.internal.remote.internal.inet.InetAddresses] Adding IP addresses for network interface MediaTek Wi-Fi 6 MT7921 Wireless LAN Card
2024-11-14T22:26:29.512+0700 [DEBUG] [org.gradle.internal.remote.internal.inet.InetAddresses] Is this a loopback interface? false
2024-11-14T22:26:29.512+0700 [DEBUG] [org.gradle.internal.remote.internal.inet.InetAddresses] Adding remote address /192.168.0.108
2024-11-14T22:26:29.512+0700 [DEBUG] [org.gradle.internal.remote.internal.inet.InetAddresses] Adding remote address /fe80:0:0:0:c719:555e:8b19:4fad%wlan1
2024-11-14T22:26:29.512+0700 [DEBUG] [org.gradle.internal.remote.internal.inet.InetAddresses] Adding IP addresses for network interface Bluetooth Device (Personal Area Network)
2024-11-14T22:26:29.514+0700 [DEBUG] [org.gradle.internal.remote.internal.inet.InetAddresses] Is this a loopback interface? false
2024-11-14T22:26:29.514+0700 [DEBUG] [org.gradle.internal.remote.internal.inet.InetAddresses] Adding remote address /fe80:0:0:0:5095:ff54:22df:1165%eth8
2024-11-14T22:26:29.514+0700 [DEBUG] [org.gradle.internal.remote.internal.inet.InetAddresses] Adding IP addresses for network interface Microsoft Wi-Fi Direct Virtual Adapter #2
2024-11-14T22:26:29.515+0700 [DEBUG] [org.gradle.internal.remote.internal.inet.InetAddresses] Is this a loopback interface? false
2024-11-14T22:26:29.516+0700 [DEBUG] [org.gradle.internal.remote.internal.inet.InetAddresses] Adding IP addresses for network interface Killer E2600 Gigabit Ethernet Controller-WFP Native MAC Layer LightWeight Filter-0000
2024-11-14T22:26:29.517+0700 [DEBUG] [org.gradle.internal.remote.internal.inet.InetAddresses] Is this a loopback interface? false
2024-11-14T22:26:29.517+0700 [DEBUG] [org.gradle.internal.remote.internal.inet.InetAddresses] Adding IP addresses for network interface Killer E2600 Gigabit Ethernet Controller-QoS Packet Scheduler-0000
2024-11-14T22:26:29.518+0700 [DEBUG] [org.gradle.internal.remote.internal.inet.InetAddresses] Is this a loopback interface? false
2024-11-14T22:26:29.518+0700 [DEBUG] [org.gradle.internal.remote.internal.inet.InetAddresses] Adding IP addresses for network interface Killer E2600 Gigabit Ethernet Controller-WFP 802.3 MAC Layer LightWeight Filter-0000
2024-11-14T22:26:29.520+0700 [DEBUG] [org.gradle.internal.remote.internal.inet.InetAddresses] Is this a loopback interface? false
2024-11-14T22:26:29.520+0700 [DEBUG] [org.gradle.internal.remote.internal.inet.InetAddresses] Adding IP addresses for network interface MediaTek Wi-Fi 6 MT7921 Wireless LAN Card-WFP Native MAC Layer LightWeight Filter-0000
2024-11-14T22:26:29.521+0700 [DEBUG] [org.gradle.internal.remote.internal.inet.InetAddresses] Is this a loopback interface? false
2024-11-14T22:26:29.521+0700 [DEBUG] [org.gradle.internal.remote.internal.inet.InetAddresses] Adding IP addresses for network interface MediaTek Wi-Fi 6 MT7921 Wireless LAN Card-Virtual WiFi Filter Driver-0000
2024-11-14T22:26:29.522+0700 [DEBUG] [org.gradle.internal.remote.internal.inet.InetAddresses] Is this a loopback interface? false
2024-11-14T22:26:29.522+0700 [DEBUG] [org.gradle.internal.remote.internal.inet.InetAddresses] Adding IP addresses for network interface MediaTek Wi-Fi 6 MT7921 Wireless LAN Card-Native WiFi Filter Driver-0000
2024-11-14T22:26:29.523+0700 [DEBUG] [org.gradle.internal.remote.internal.inet.InetAddresses] Is this a loopback interface? false
2024-11-14T22:26:29.524+0700 [DEBUG] [org.gradle.internal.remote.internal.inet.InetAddresses] Adding IP addresses for network interface MediaTek Wi-Fi 6 MT7921 Wireless LAN Card-QoS Packet Scheduler-0000
2024-11-14T22:26:29.525+0700 [DEBUG] [org.gradle.internal.remote.internal.inet.InetAddresses] Is this a loopback interface? false
2024-11-14T22:26:29.525+0700 [DEBUG] [org.gradle.internal.remote.internal.inet.InetAddresses] Adding IP addresses for network interface MediaTek Wi-Fi 6 MT7921 Wireless LAN Card-WFP 802.3 MAC Layer LightWeight Filter-0000
2024-11-14T22:26:29.526+0700 [DEBUG] [org.gradle.internal.remote.internal.inet.InetAddresses] Is this a loopback interface? false
2024-11-14T22:26:29.526+0700 [DEBUG] [org.gradle.internal.remote.internal.inet.InetAddresses] Adding IP addresses for network interface Microsoft Wi-Fi Direct Virtual Adapter-WFP Native MAC Layer LightWeight Filter-0000
2024-11-14T22:26:29.527+0700 [DEBUG] [org.gradle.internal.remote.internal.inet.InetAddresses] Is this a loopback interface? false
2024-11-14T22:26:29.527+0700 [DEBUG] [org.gradle.internal.remote.internal.inet.InetAddresses] Adding IP addresses for network interface Microsoft Wi-Fi Direct Virtual Adapter-Native WiFi Filter Driver-0000
2024-11-14T22:26:29.529+0700 [DEBUG] [org.gradle.internal.remote.internal.inet.InetAddresses] Is this a loopback interface? false
2024-11-14T22:26:29.529+0700 [DEBUG] [org.gradle.internal.remote.internal.inet.InetAddresses] Adding IP addresses for network interface Microsoft Wi-Fi Direct Virtual Adapter-QoS Packet Scheduler-0000
2024-11-14T22:26:29.530+0700 [DEBUG] [org.gradle.internal.remote.internal.inet.InetAddresses] Is this a loopback interface? false
2024-11-14T22:26:29.530+0700 [DEBUG] [org.gradle.internal.remote.internal.inet.InetAddresses] Adding IP addresses for network interface Microsoft Wi-Fi Direct Virtual Adapter-WFP 802.3 MAC Layer LightWeight Filter-0000
2024-11-14T22:26:29.531+0700 [DEBUG] [org.gradle.internal.remote.internal.inet.InetAddresses] Is this a loopback interface? false
2024-11-14T22:26:29.536+0700 [DEBUG] [org.gradle.internal.remote.internal.inet.TcpIncomingConnector] Listening on [d041c229-52c4-45b2-b42d-d62c0eaa970f port:49930, addresses:[localhost/127.0.0.1]].
2024-11-14T22:26:29.549+0700 [DEBUG] [org.gradle.launcher.daemon.server.Daemon] Daemon starting at: Thu Nov 14 22:26:29 ICT 2024, with address: [d041c229-52c4-45b2-b42d-d62c0eaa970f port:49930, addresses:[localhost/127.0.0.1]]
2024-11-14T22:26:29.549+0700 [INFO] [org.gradle.launcher.daemon.server.DaemonRegistryUpdater] Advertising the daemon address to the clients: [d041c229-52c4-45b2-b42d-d62c0eaa970f port:49930, addresses:[localhost/127.0.0.1]]
2024-11-14T22:26:29.549+0700 [DEBUG] [org.gradle.launcher.daemon.server.DaemonRegistryUpdater] Advertised daemon context: DefaultDaemonContext[uid=09227276-2317-4890-892d-b2f42eec3d65,javaHome=C:\Program Files\Android\Android Studio\jbr,daemonRegistryDir=C:\Users\Hello\AndroidStudioProjects\QLTV 2.0\MOB2041_DuAnMauAndroid\daemon,pid=5136,idleTimeout=10800000,priority=NORMAL,applyInstrumentationAgent=true,daemonOpts=--add-opens=java.base/java.util=ALL-UNNAMED,--add-opens=java.base/java.lang=ALL-UNNAMED,--add-opens=java.base/java.lang.invoke=ALL-UNNAMED,--add-opens=java.prefs/java.util.prefs=ALL-UNNAMED,--add-opens=java.base/java.nio.charset=ALL-UNNAMED,--add-opens=java.base/java.net=ALL-UNNAMED,--add-opens=java.base/java.util.concurrent.atomic=ALL-UNNAMED,-Xmx4608m,-Dfile.encoding=UTF-8,-Duser.country=US,-Duser.language=en,-Duser.variant]
2024-11-14T22:26:29.550+0700 [DEBUG] [org.gradle.launcher.daemon.registry.PersistentDaemonRegistry] Storing daemon address: [d041c229-52c4-45b2-b42d-d62c0eaa970f port:49930, addresses:[localhost/127.0.0.1]], context: DefaultDaemonContext[uid=09227276-2317-4890-892d-b2f42eec3d65,javaHome=C:\Program Files\Android\Android Studio\jbr,daemonRegistryDir=C:\Users\Hello\AndroidStudioProjects\QLTV 2.0\MOB2041_DuAnMauAndroid\daemon,pid=5136,idleTimeout=10800000,priority=NORMAL,applyInstrumentationAgent=true,daemonOpts=--add-opens=java.base/java.util=ALL-UNNAMED,--add-opens=java.base/java.lang=ALL-UNNAMED,--add-opens=java.base/java.lang.invoke=ALL-UNNAMED,--add-opens=java.prefs/java.util.prefs=ALL-UNNAMED,--add-opens=java.base/java.nio.charset=ALL-UNNAMED,--add-opens=java.base/java.net=ALL-UNNAMED,--add-opens=java.base/java.util.concurrent.atomic=ALL-UNNAMED,-Xmx4608m,-Dfile.encoding=UTF-8,-Duser.country=US,-Duser.language=en,-Duser.variant]
2024-11-14T22:26:29.559+0700 [DEBUG] [org.gradle.cache.internal.DefaultFileLockManager] Waiting to acquire exclusive lock on daemon addresses registry.
2024-11-14T22:26:29.562+0700 [DEBUG] [org.gradle.cache.internal.DefaultFileLockManager] Lock acquired on daemon addresses registry.
2024-11-14T22:26:29.565+0700 [DEBUG] [org.gradle.cache.internal.DefaultFileLockManager] Releasing lock on daemon addresses registry.
2024-11-14T22:26:29.566+0700 [LIFECYCLE] [org.gradle.launcher.daemon.server.Daemon] Daemon server started.
2024-11-14T22:26:29.567+0700 [DEBUG] [org.gradle.launcher.daemon.bootstrap.DaemonStartupCommunication] Completed writing the daemon greeting. Closing streams...
2024-11-14T22:26:29.571+0700 [DEBUG] [org.gradle.launcher.daemon.server.Daemon] stopOnExpiration() called on daemon
2024-11-14T22:26:29.571+0700 [DEBUG] [org.gradle.launcher.daemon.server.Daemon] awaitExpiration() called on daemon
2024-11-14T22:26:29.572+0700 [DEBUG] [org.gradle.launcher.daemon.server.DaemonStateCoordinator] daemon is running. Sleeping until state changes.
2024-11-14T22:26:29.574+0700 [DEBUG] [org.gradle.internal.remote.internal.inet.TcpIncomingConnector] Accepted connection from /127.0.0.1:49931 to /127.0.0.1:49930.
2024-11-14T22:26:29.634+0700 [DEBUG] [org.gradle.launcher.daemon.server.SynchronizedDispatchConnection] thread 22: received class org.gradle.launcher.daemon.protocol.Build
2024-11-14T22:26:29.635+0700 [DEBUG] [org.gradle.launcher.daemon.server.DefaultDaemonConnection] thread 22: Received non-IO message from client: Build{id=ed4f13d4-aa74-4b95-acfe-fb85847cb5fa, currentDir=C:\Users\Hello\AndroidStudioProjects\QLTV 2.0\MOB2041_DuAnMauAndroid}
2024-11-14T22:26:29.635+0700 [INFO] [org.gradle.launcher.daemon.server.DefaultIncomingConnectionHandler] Received command: Build{id=ed4f13d4-aa74-4b95-acfe-fb85847cb5fa, currentDir=C:\Users\Hello\AndroidStudioProjects\QLTV 2.0\MOB2041_DuAnMauAndroid}.
2024-11-14T22:26:29.635+0700 [DEBUG] [org.gradle.launcher.daemon.server.DefaultIncomingConnectionHandler] Starting executing command: Build{id=ed4f13d4-aa74-4b95-acfe-fb85847cb5fa, currentDir=C:\Users\Hello\AndroidStudioProjects\QLTV 2.0\MOB2041_DuAnMauAndroid} with connection: socket connection from /127.0.0.1:49930 to /127.0.0.1:49931.
2024-11-14T22:26:29.637+0700 [DEBUG] [org.gradle.launcher.daemon.server.DaemonStateCoordinator] Command execution: started DaemonCommandExecution[command = Build{id=ed4f13d4-aa74-4b95-acfe-fb85847cb5fa, currentDir=C:\Users\Hello\AndroidStudioProjects\QLTV 2.0\MOB2041_DuAnMauAndroid}, connection = DefaultDaemonConnection: socket connection from /127.0.0.1:49930 to /127.0.0.1:49931] after 0.0 minutes of idle
2024-11-14T22:26:29.637+0700 [INFO] [org.gradle.launcher.daemon.server.DaemonRegistryUpdater] Marking the daemon as busy, address: [d041c229-52c4-45b2-b42d-d62c0eaa970f port:49930, addresses:[localhost/127.0.0.1]]
2024-11-14T22:26:29.637+0700 [DEBUG] [org.gradle.launcher.daemon.registry.PersistentDaemonRegistry] Marking busy by address: [d041c229-52c4-45b2-b42d-d62c0eaa970f port:49930, addresses:[localhost/127.0.0.1]]
2024-11-14T22:26:29.638+0700 [DEBUG] [org.gradle.cache.internal.DefaultFileLockManager] Waiting to acquire exclusive lock on daemon addresses registry.
2024-11-14T22:26:29.638+0700 [DEBUG] [org.gradle.cache.internal.DefaultFileLockManager] Lock acquired on daemon addresses registry.
2024-11-14T22:26:29.639+0700 [DEBUG] [org.gradle.cache.internal.DefaultFileLockManager] Releasing lock on daemon addresses registry.
2024-11-14T22:26:29.640+0700 [DEBUG] [org.gradle.launcher.daemon.server.DaemonStateCoordinator] resetting idle timer
2024-11-14T22:26:29.640+0700 [DEBUG] [org.gradle.launcher.daemon.server.DaemonStateCoordinator] daemon is running. Sleeping until state changes.
2024-11-14T22:26:29.640+0700 [INFO] [org.gradle.launcher.daemon.server.exec.StartBuildOrRespondWithBusy] Daemon is about to start building Build{id=ed4f13d4-aa74-4b95-acfe-fb85847cb5fa, currentDir=C:\Users\Hello\AndroidStudioProjects\QLTV 2.0\MOB2041_DuAnMauAndroid}. Dispatching build started information...
2024-11-14T22:26:29.641+0700 [DEBUG] [org.gradle.launcher.daemon.server.SynchronizedDispatchConnection] thread 24: dispatching org.gradle.launcher.daemon.protocol.BuildStarted@6f1cfdc3
2024-11-14T22:26:29.642+0700 [DEBUG] [org.gradle.launcher.daemon.server.exec.EstablishBuildEnvironment] Configuring env variables: [USERDOMAIN_ROAMINGPROFILE, LOCALAPPDATA, PROCESSOR_LEVEL, USERDOMAIN, LOGONSERVER, SESSIONNAME, ALLUSERSPROFILE, PROCESSOR_ARCHITECTURE, PSModulePath, SystemDrive, OneDrive, APPDATA, MOZ_PLUGIN_PATH, USERNAME, ProgramFiles(x86), CommonProgramFiles, Path, PyCharm, PATHEXT, DriverData, OS, OneDriveConsumer, COMPUTERNAME, PROCESSOR_REVISION, CommonProgramW6432, PyCharm Community Edition, ComSpec, ProgramData, ProgramW6432, TEMP, HOMEPATH, SystemRoot, PROCESSOR_IDENTIFIER, HOMEDRIVE, USERPROFILE, TMP, EFC_6992, CommonProgramFiles(x86), ProgramFiles, PUBLIC, windir, NUMBER_OF_PROCESSORS, =::, IDEA_INITIAL_DIRECTORY]
2024-11-14T22:26:29.644+0700 [DEBUG] [org.gradle.launcher.daemon.server.SynchronizedDispatchConnection] thread 22: received class org.gradle.launcher.daemon.protocol.CloseInput
2024-11-14T22:26:29.644+0700 [DEBUG] [org.gradle.launcher.daemon.server.DefaultDaemonConnection] thread 22: Received IO message from client: org.gradle.launcher.daemon.protocol.CloseInput@645a4c05
2024-11-14T22:26:29.646+0700 [DEBUG] [org.gradle.launcher.daemon.server.exec.LogToClient] About to start relaying all logs to the client via the connection.
2024-11-14T22:26:29.646+0700 [INFO] [org.gradle.launcher.daemon.server.exec.LogToClient] The client will now receive all logging from the daemon (pid: 5136). The daemon log file: C:\Users\Hello\AndroidStudioProjects\QLTV 2.0\MOB2041_DuAnMauAndroid\daemon\8.7\daemon-5136.out.log
2024-11-14T22:26:29.648+0700 [INFO] [org.gradle.launcher.daemon.server.exec.LogAndCheckHealth] Starting build in new daemon [memory: 4.5 GiB]
2024-11-14T22:26:29.650+0700 [INFO] [org.gradle.launcher.daemon.server.exec.ForwardClientInput] Closing daemon's stdin at end of input.
2024-11-14T22:26:29.650+0700 [INFO] [org.gradle.launcher.daemon.server.exec.ForwardClientInput] The daemon will no longer process any standard input.
2024-11-14T22:26:29.651+0700 [DEBUG] [org.gradle.launcher.daemon.server.exec.ExecuteBuild] The daemon has started executing the build.
2024-11-14T22:26:29.651+0700 [DEBUG] [org.gradle.launcher.daemon.server.exec.ExecuteBuild] Executing build with daemon context: DefaultDaemonContext[uid=09227276-2317-4890-892d-b2f42eec3d65,javaHome=C:\Program Files\Android\Android Studio\jbr,daemonRegistryDir=C:\Users\Hello\AndroidStudioProjects\QLTV 2.0\MOB2041_DuAnMauAndroid\daemon,pid=5136,idleTimeout=10800000,priority=NORMAL,applyInstrumentationAgent=true,daemonOpts=--add-opens=java.base/java.util=ALL-UNNAMED,--add-opens=java.base/java.lang=ALL-UNNAMED,--add-opens=java.base/java.lang.invoke=ALL-UNNAMED,--add-opens=java.prefs/java.util.prefs=ALL-UNNAMED,--add-opens=java.base/java.nio.charset=ALL-UNNAMED,--add-opens=java.base/java.net=ALL-UNNAMED,--add-opens=java.base/java.util.concurrent.atomic=ALL-UNNAMED,-Xmx4608m,-Dfile.encoding=UTF-8,-Duser.country=US,-Duser.language=en,-Duser.variant]
AGPBI: {"kind":"warning","text":"The option setting 'android.defaults.buildfeatures.buildconfig=true' is deprecated.\nThe current default is 'false'.\nIt will be removed in version 9.0 of the Android Gradle plugin.\nTo keep using this feature, add the following to your module-level build.gradle files:\n    android.buildFeatures.buildConfig = true\nor from Android Studio, click: `Refactor` > `Migrate BuildConfig to Gradle Build Files`.","sources":[{}]}

Deprecated Gradle features were used in this build, making it incompatible with Gradle 9.0.

You can use '--warning-mode all' to show the individual deprecation warnings and determine if they come from your own scripts or plugins.

For more on this, please refer to https://docs.gradle.org/8.7/userguide/command_line_interface.html#sec:command_line_warnings in the Gradle documentation.

BUILD SUCCESSFUL in 9s
32 actionable tasks: 32 up-to-date
2024-11-14T22:26:37.872+0700 [DEBUG] [org.gradle.launcher.daemon.server.exec.ExecuteBuild] The daemon has finished executing the build.
2024-11-14T22:26:37.889+0700 [DEBUG] [org.gradle.launcher.daemon.server.DaemonStateCoordinator] daemon is running. Sleeping until state changes.
2024-11-14T22:26:37.889+0700 [DEBUG] [org.gradle.launcher.daemon.server.DaemonStateCoordinator] Command execution: finished waiting for DaemonCommandExecution[command = Build{id=ed4f13d4-aa74-4b95-acfe-fb85847cb5fa, currentDir=C:\Users\Hello\AndroidStudioProjects\QLTV 2.0\MOB2041_DuAnMauAndroid}, connection = DefaultDaemonConnection: socket connection from /127.0.0.1:49930 to /127.0.0.1:49931]. Result org.gradle.launcher.daemon.server.DaemonStateCoordinator@43de0595 with state Busy
2024-11-14T22:26:37.889+0700 [DEBUG] [org.gradle.launcher.daemon.server.DaemonStateCoordinator] Command execution: completed DaemonCommandExecution[command = Build{id=ed4f13d4-aa74-4b95-acfe-fb85847cb5fa, currentDir=C:\Users\Hello\AndroidStudioProjects\QLTV 2.0\MOB2041_DuAnMauAndroid}, connection = DefaultDaemonConnection: socket connection from /127.0.0.1:49930 to /127.0.0.1:49931]
2024-11-14T22:26:37.890+0700 [DEBUG] [org.gradle.launcher.daemon.server.DaemonStateCoordinator] resetting idle timer
2024-11-14T22:26:37.890+0700 [INFO] [org.gradle.launcher.daemon.server.DaemonRegistryUpdater] Marking the daemon as idle, address: [d041c229-52c4-45b2-b42d-d62c0eaa970f port:49930, addresses:[localhost/127.0.0.1]]
2024-11-14T22:26:37.890+0700 [DEBUG] [org.gradle.launcher.daemon.registry.PersistentDaemonRegistry] Marking busy by address: [d041c229-52c4-45b2-b42d-d62c0eaa970f port:49930, addresses:[localhost/127.0.0.1]]
2024-11-14T22:26:37.890+0700 [DEBUG] [org.gradle.cache.internal.DefaultFileLockManager] Waiting to acquire exclusive lock on daemon addresses registry.
2024-11-14T22:26:37.891+0700 [DEBUG] [org.gradle.cache.internal.DefaultFileLockManager] Lock acquired on daemon addresses registry.
2024-11-14T22:26:37.892+0700 [DEBUG] [org.gradle.cache.internal.DefaultFileLockManager] Releasing lock on daemon addresses registry.
2024-11-14T22:26:37.892+0700 [DEBUG] [org.gradle.launcher.daemon.server.DaemonStateCoordinator] daemon is running. Sleeping until state changes.
2024-11-14T22:26:37.892+0700 [DEBUG] [org.gradle.launcher.daemon.server.exec.ReturnResult] Daemon is dispatching the build result: Success[value=org.gradle.launcher.exec.BuildActionResult@40b77674]
2024-11-14T22:26:37.892+0700 [DEBUG] [org.gradle.launcher.daemon.server.SynchronizedDispatchConnection] thread 21: dispatching Success[value=org.gradle.launcher.exec.BuildActionResult@40b77674]
2024-11-14T22:26:37.894+0700 [DEBUG] [org.gradle.launcher.daemon.server.SynchronizedDispatchConnection] thread 22: received class org.gradle.launcher.daemon.protocol.Finished
2024-11-14T22:26:37.894+0700 [DEBUG] [org.gradle.launcher.daemon.server.DefaultDaemonConnection] thread 22: Received non-IO message from client: org.gradle.launcher.daemon.protocol.Finished@c804ce4
2024-11-14T22:26:37.894+0700 [DEBUG] [org.gradle.launcher.daemon.server.exec.CleanUpVirtualFileSystemAfterBuild] Cleaning virtual file system after build finished
2024-11-14T22:26:37.894+0700 [DEBUG] [org.gradle.launcher.daemon.server.DefaultIncomingConnectionHandler] Finishing executing command: Build{id=ed4f13d4-aa74-4b95-acfe-fb85847cb5fa, currentDir=C:\Users\Hello\AndroidStudioProjects\QLTV 2.0\MOB2041_DuAnMauAndroid}
2024-11-14T22:26:37.894+0700 [DEBUG] [org.gradle.launcher.daemon.server.DefaultIncomingConnectionHandler] Received finished message: org.gradle.launcher.daemon.protocol.Finished@c804ce4
2024-11-14T22:26:37.895+0700 [DEBUG] [org.gradle.launcher.daemon.server.SynchronizedDispatchConnection] thread 21: stopping connection
2024-11-14T22:26:37.895+0700 [DEBUG] [org.gradle.internal.remote.internal.inet.SocketConnection] Discarding EOFException: java.io.EOFException
2024-11-14T22:26:37.895+0700 [DEBUG] [org.gradle.launcher.daemon.server.SynchronizedDispatchConnection] thread 22: received null
2024-11-14T22:26:37.895+0700 [DEBUG] [org.gradle.launcher.daemon.server.DefaultDaemonConnection] thread 22: Received end-of-input from client.
2024-11-14T22:26:37.896+0700 [DEBUG] [org.gradle.launcher.daemon.server.SynchronizedDispatchConnection] thread 21: stopping connection
2024-11-14T22:26:39.124+0700 [DEBUG] [org.gradle.process.internal.health.memory.DefaultMemoryManager] 789794406 physical memory requested, 337514496 free
2024-11-14T22:26:39.124+0700 [DEBUG] [org.gradle.workers.internal.WorkerDaemonExpiration] Will attempt to release 753 of memory
2024-11-14T22:26:39.125+0700 [DEBUG] [org.gradle.process.internal.health.memory.DefaultMemoryManager] 789794406 physical memory requested, 0 released, 337514496 free
2024-11-14T22:26:39.573+0700 [DEBUG] [org.gradle.cache.internal.DefaultFileLockManager] Waiting to acquire shared lock on daemon addresses registry.
2024-11-14T22:26:39.574+0700 [DEBUG] [org.gradle.cache.internal.DefaultFileLockManager] Lock acquired on daemon addresses registry.
2024-11-14T22:26:39.574+0700 [DEBUG] [org.gradle.cache.internal.DefaultFileLockManager] Releasing lock on daemon addresses registry.
2024-11-14T22:26:39.575+0700 [DEBUG] [org.gradle.cache.internal.DefaultFileLockManager] Waiting to acquire shared lock on daemon addresses registry.
2024-11-14T22:26:39.576+0700 [DEBUG] [org.gradle.cache.internal.DefaultFileLockManager] Lock acquired on daemon addresses registry.
2024-11-14T22:26:39.576+0700 [DEBUG] [org.gradle.cache.internal.DefaultFileLockManager] Releasing lock on daemon addresses registry.
2024-11-14T22:26:44.127+0700 [DEBUG] [org.gradle.process.internal.health.memory.DefaultMemoryManager] 789794406 physical memory requested, 214249472 free
2024-11-14T22:26:44.127+0700 [DEBUG] [org.gradle.workers.internal.WorkerDaemonExpiration] Will attempt to release 753 of memory
2024-11-14T22:26:44.127+0700 [DEBUG] [org.gradle.process.internal.health.memory.DefaultMemoryManager] 789794406 physical memory requested, 0 released, 214249472 free
2024-11-14T22:26:49.127+0700 [DEBUG] [org.gradle.process.internal.health.memory.DefaultMemoryManager] 789794406 physical memory requested, 581832704 free
2024-11-14T22:26:49.128+0700 [DEBUG] [org.gradle.workers.internal.WorkerDaemonExpiration] Will attempt to release 753 of memory
2024-11-14T22:26:49.128+0700 [DEBUG] [org.gradle.process.internal.health.memory.DefaultMemoryManager] 789794406 physical memory requested, 0 released, 581832704 free
2024-11-14T22:26:49.577+0700 [DEBUG] [org.gradle.cache.internal.DefaultFileLockManager] Waiting to acquire shared lock on daemon addresses registry.
2024-11-14T22:26:49.577+0700 [DEBUG] [org.gradle.cache.internal.DefaultFileLockManager] Lock acquired on daemon addresses registry.
2024-11-14T22:26:49.578+0700 [DEBUG] [org.gradle.cache.internal.DefaultFileLockManager] Releasing lock on daemon addresses registry.
2024-11-14T22:26:49.579+0700 [DEBUG] [org.gradle.cache.internal.DefaultFileLockManager] Waiting to acquire shared lock on daemon addresses registry.
2024-11-14T22:26:49.579+0700 [DEBUG] [org.gradle.cache.internal.DefaultFileLockManager] Lock acquired on daemon addresses registry.
2024-11-14T22:26:49.579+0700 [DEBUG] [org.gradle.cache.internal.DefaultFileLockManager] Releasing lock on daemon addresses registry.
2024-11-14T22:26:49.580+0700 [DEBUG] [org.gradle.cache.internal.DefaultFileLockManager] Waiting to acquire shared lock on daemon addresses registry.
2024-11-14T22:26:49.580+0700 [DEBUG] [org.gradle.cache.internal.DefaultFileLockManager] Lock acquired on daemon addresses registry.
2024-11-14T22:26:49.580+0700 [DEBUG] [org.gradle.cache.internal.DefaultFileLockManager] Releasing lock on daemon addresses registry.
2024-11-14T22:26:54.120+0700 [DEBUG] [org.gradle.process.internal.health.memory.DefaultMemoryManager] 789794406 physical memory requested, 354725888 free
2024-11-14T22:26:54.120+0700 [DEBUG] [org.gradle.workers.internal.WorkerDaemonExpiration] Will attempt to release 753 of memory
2024-11-14T22:26:54.120+0700 [DEBUG] [org.gradle.process.internal.health.memory.DefaultMemoryManager] 789794406 physical memory requested, 0 released, 354725888 free
2024-11-14T22:26:59.123+0700 [DEBUG] [org.gradle.process.internal.health.memory.DefaultMemoryManager] 789794406 physical memory requested, 356372480 free
2024-11-14T22:26:59.123+0700 [DEBUG] [org.gradle.workers.internal.WorkerDaemonExpiration] Will attempt to release 753 of memory
2024-11-14T22:26:59.124+0700 [DEBUG] [org.gradle.process.internal.health.memory.DefaultMemoryManager] 789794406 physical memory requested, 0 released, 356372480 free
2024-11-14T22:26:59.572+0700 [DEBUG] [org.gradle.cache.internal.DefaultFileLockManager] Waiting to acquire shared lock on daemon addresses registry.
2024-11-14T22:26:59.573+0700 [DEBUG] [org.gradle.cache.internal.DefaultFileLockManager] Lock acquired on daemon addresses registry.
2024-11-14T22:26:59.573+0700 [DEBUG] [org.gradle.cache.internal.DefaultFileLockManager] Releasing lock on daemon addresses registry.
2024-11-14T22:26:59.574+0700 [DEBUG] [org.gradle.cache.internal.DefaultFileLockManager] Waiting to acquire shared lock on daemon addresses registry.
2024-11-14T22:26:59.575+0700 [DEBUG] [org.gradle.cache.internal.DefaultFileLockManager] Lock acquired on daemon addresses registry.
2024-11-14T22:26:59.575+0700 [DEBUG] [org.gradle.cache.internal.DefaultFileLockManager] Releasing lock on daemon addresses registry.
2024-11-14T22:26:59.576+0700 [DEBUG] [org.gradle.cache.internal.DefaultFileLockManager] Waiting to acquire shared lock on daemon addresses registry.
2024-11-14T22:26:59.576+0700 [DEBUG] [org.gradle.cache.internal.DefaultFileLockManager] Lock acquired on daemon addresses registry.
2024-11-14T22:26:59.576+0700 [DEBUG] [org.gradle.cache.internal.DefaultFileLockManager] Releasing lock on daemon addresses registry.
2024-11-14T22:27:04.119+0700 [DEBUG] [org.gradle.process.internal.health.memory.DefaultMemoryManager] 789794406 physical memory requested, 274989056 free
2024-11-14T22:27:04.119+0700 [DEBUG] [org.gradle.workers.internal.WorkerDaemonExpiration] Will attempt to release 753 of memory
2024-11-14T22:27:04.119+0700 [DEBUG] [org.gradle.process.internal.health.memory.DefaultMemoryManager] 789794406 physical memory requested, 0 released, 274989056 free
2024-11-14T22:27:09.121+0700 [DEBUG] [org.gradle.process.internal.health.memory.DefaultMemoryManager] 789794406 physical memory requested, 276660224 free
2024-11-14T22:27:09.121+0700 [DEBUG] [org.gradle.workers.internal.WorkerDaemonExpiration] Will attempt to release 753 of memory
2024-11-14T22:27:09.121+0700 [DEBUG] [org.gradle.process.internal.health.memory.DefaultMemoryManager] 789794406 physical memory requested, 0 released, 276660224 free
2024-11-14T22:27:09.575+0700 [DEBUG] [org.gradle.cache.internal.DefaultFileLockManager] Waiting to acquire shared lock on daemon addresses registry.
2024-11-14T22:27:09.575+0700 [DEBUG] [org.gradle.cache.internal.DefaultFileLockManager] Lock acquired on daemon addresses registry.
2024-11-14T22:27:09.575+0700 [DEBUG] [org.gradle.cache.internal.DefaultFileLockManager] Releasing lock on daemon addresses registry.
2024-11-14T22:27:09.576+0700 [DEBUG] [org.gradle.cache.internal.DefaultFileLockManager] Waiting to acquire shared lock on daemon addresses registry.
2024-11-14T22:27:09.576+0700 [DEBUG] [org.gradle.cache.internal.DefaultFileLockManager] Lock acquired on daemon addresses registry.
2024-11-14T22:27:09.576+0700 [DEBUG] [org.gradle.cache.internal.DefaultFileLockManager] Releasing lock on daemon addresses registry.
2024-11-14T22:27:09.577+0700 [DEBUG] [org.gradle.cache.internal.DefaultFileLockManager] Waiting to acquire shared lock on daemon addresses registry.
2024-11-14T22:27:09.577+0700 [DEBUG] [org.gradle.cache.internal.DefaultFileLockManager] Lock acquired on daemon addresses registry.
2024-11-14T22:27:09.578+0700 [DEBUG] [org.gradle.cache.internal.DefaultFileLockManager] Releasing lock on daemon addresses registry.
2024-11-14T22:27:14.122+0700 [DEBUG] [org.gradle.process.internal.health.memory.DefaultMemoryManager] 789794406 physical memory requested, 293511168 free
2024-11-14T22:27:14.122+0700 [DEBUG] [org.gradle.workers.internal.WorkerDaemonExpiration] Will attempt to release 753 of memory
2024-11-14T22:27:14.122+0700 [DEBUG] [org.gradle.process.internal.health.memory.DefaultMemoryManager] 789794406 physical memory requested, 0 released, 293511168 free
2024-11-14T22:27:19.122+0700 [DEBUG] [org.gradle.process.internal.health.memory.DefaultMemoryManager] 789794406 physical memory requested, 284938240 free
2024-11-14T22:27:19.122+0700 [DEBUG] [org.gradle.workers.internal.WorkerDaemonExpiration] Will attempt to release 753 of memory
2024-11-14T22:27:19.122+0700 [DEBUG] [org.gradle.process.internal.health.memory.DefaultMemoryManager] 789794406 physical memory requested, 0 released, 284938240 free
2024-11-14T22:27:19.584+0700 [DEBUG] [org.gradle.cache.internal.DefaultFileLockManager] Waiting to acquire shared lock on daemon addresses registry.
2024-11-14T22:27:19.584+0700 [DEBUG] [org.gradle.cache.internal.DefaultFileLockManager] Lock acquired on daemon addresses registry.
2024-11-14T22:27:19.585+0700 [DEBUG] [org.gradle.cache.internal.DefaultFileLockManager] Releasing lock on daemon addresses registry.
2024-11-14T22:27:19.586+0700 [DEBUG] [org.gradle.cache.internal.DefaultFileLockManager] Waiting to acquire shared lock on daemon addresses registry.
2024-11-14T22:27:19.586+0700 [DEBUG] [org.gradle.cache.internal.DefaultFileLockManager] Lock acquired on daemon addresses registry.
2024-11-14T22:27:19.586+0700 [DEBUG] [org.gradle.cache.internal.DefaultFileLockManager] Releasing lock on daemon addresses registry.
2024-11-14T22:27:19.587+0700 [DEBUG] [org.gradle.cache.internal.DefaultFileLockManager] Waiting to acquire shared lock on daemon addresses registry.
2024-11-14T22:27:19.587+0700 [DEBUG] [org.gradle.cache.internal.DefaultFileLockManager] Lock acquired on daemon addresses registry.
2024-11-14T22:27:19.588+0700 [DEBUG] [org.gradle.cache.internal.DefaultFileLockManager] Releasing lock on daemon addresses registry.
2024-11-14T22:27:24.120+0700 [DEBUG] [org.gradle.process.internal.health.memory.DefaultMemoryManager] 789794406 physical memory requested, 295137280 free
2024-11-14T22:27:24.120+0700 [DEBUG] [org.gradle.workers.internal.WorkerDaemonExpiration] Will attempt to release 753 of memory
2024-11-14T22:27:24.120+0700 [DEBUG] [org.gradle.process.internal.health.memory.DefaultMemoryManager] 789794406 physical memory requested, 0 released, 295137280 free
2024-11-14T22:27:29.120+0700 [DEBUG] [org.gradle.process.internal.health.memory.DefaultMemoryManager] 789794406 physical memory requested, 351539200 free
2024-11-14T22:27:29.120+0700 [DEBUG] [org.gradle.workers.internal.WorkerDaemonExpiration] Will attempt to release 753 of memory
2024-11-14T22:27:29.120+0700 [DEBUG] [org.gradle.process.internal.health.memory.DefaultMemoryManager] 789794406 physical memory requested, 0 released, 351539200 free
2024-11-14T22:27:29.587+0700 [DEBUG] [org.gradle.cache.internal.DefaultFileLockManager] Waiting to acquire shared lock on daemon addresses registry.
2024-11-14T22:27:29.587+0700 [DEBUG] [org.gradle.cache.internal.DefaultFileLockManager] Lock acquired on daemon addresses registry.
2024-11-14T22:27:29.587+0700 [DEBUG] [org.gradle.cache.internal.DefaultFileLockManager] Releasing lock on daemon addresses registry.
2024-11-14T22:27:29.588+0700 [DEBUG] [org.gradle.cache.internal.DefaultFileLockManager] Waiting to acquire shared lock on daemon addresses registry.
2024-11-14T22:27:29.589+0700 [DEBUG] [org.gradle.cache.internal.DefaultFileLockManager] Lock acquired on daemon addresses registry.
2024-11-14T22:27:29.589+0700 [DEBUG] [org.gradle.cache.internal.DefaultFileLockManager] Releasing lock on daemon addresses registry.
2024-11-14T22:27:29.589+0700 [DEBUG] [org.gradle.cache.internal.DefaultFileLockManager] Waiting to acquire shared lock on daemon addresses registry.
2024-11-14T22:27:29.590+0700 [DEBUG] [org.gradle.cache.internal.DefaultFileLockManager] Lock acquired on daemon addresses registry.
2024-11-14T22:27:29.590+0700 [DEBUG] [org.gradle.cache.internal.DefaultFileLockManager] Releasing lock on daemon addresses registry.
2024-11-14T22:27:34.123+0700 [DEBUG] [org.gradle.process.internal.health.memory.DefaultMemoryManager] 789794406 physical memory requested, 447766528 free
2024-11-14T22:27:34.123+0700 [DEBUG] [org.gradle.workers.internal.WorkerDaemonExpiration] Will attempt to release 753 of memory
2024-11-14T22:27:34.123+0700 [DEBUG] [org.gradle.process.internal.health.memory.DefaultMemoryManager] 789794406 physical memory requested, 0 released, 447766528 free
2024-11-14T22:27:39.124+0700 [DEBUG] [org.gradle.process.internal.health.memory.DefaultMemoryManager] 789794406 physical memory requested, 410169344 free
2024-11-14T22:27:39.125+0700 [DEBUG] [org.gradle.workers.internal.WorkerDaemonExpiration] Will attempt to release 753 of memory
2024-11-14T22:27:39.125+0700 [DEBUG] [org.gradle.process.internal.health.memory.DefaultMemoryManager] 789794406 physical memory requested, 0 released, 410169344 free
2024-11-14T22:27:39.577+0700 [DEBUG] [org.gradle.cache.internal.DefaultFileLockManager] Waiting to acquire shared lock on daemon addresses registry.
2024-11-14T22:27:39.578+0700 [DEBUG] [org.gradle.cache.internal.DefaultFileLockManager] Lock acquired on daemon addresses registry.
2024-11-14T22:27:39.578+0700 [DEBUG] [org.gradle.cache.internal.DefaultFileLockManager] Releasing lock on daemon addresses registry.
2024-11-14T22:27:39.579+0700 [DEBUG] [org.gradle.cache.internal.DefaultFileLockManager] Waiting to acquire shared lock on daemon addresses registry.
2024-11-14T22:27:39.579+0700 [DEBUG] [org.gradle.cache.internal.DefaultFileLockManager] Lock acquired on daemon addresses registry.
2024-11-14T22:27:39.579+0700 [DEBUG] [org.gradle.cache.internal.DefaultFileLockManager] Releasing lock on daemon addresses registry.
2024-11-14T22:27:39.579+0700 [DEBUG] [org.gradle.cache.internal.DefaultFileLockManager] Waiting to acquire shared lock on daemon addresses registry.
2024-11-14T22:27:39.579+0700 [DEBUG] [org.gradle.cache.internal.DefaultFileLockManager] Lock acquired on daemon addresses registry.
2024-11-14T22:27:39.580+0700 [DEBUG] [org.gradle.cache.internal.DefaultFileLockManager] Releasing lock on daemon addresses registry.
2024-11-14T22:27:44.118+0700 [DEBUG] [org.gradle.process.internal.health.memory.DefaultMemoryManager] 789794406 physical memory requested, 396636160 free
2024-11-14T22:27:44.118+0700 [DEBUG] [org.gradle.workers.internal.WorkerDaemonExpiration] Will attempt to release 753 of memory
2024-11-14T22:27:44.118+0700 [DEBUG] [org.gradle.process.internal.health.memory.DefaultMemoryManager] 789794406 physical memory requested, 0 released, 396636160 free
2024-11-14T22:27:49.125+0700 [DEBUG] [org.gradle.process.internal.health.memory.DefaultMemoryManager] 789794406 physical memory requested, 507105280 free
2024-11-14T22:27:49.125+0700 [DEBUG] [org.gradle.workers.internal.WorkerDaemonExpiration] Will attempt to release 753 of memory
2024-11-14T22:27:49.125+0700 [DEBUG] [org.gradle.process.internal.health.memory.DefaultMemoryManager] 789794406 physical memory requested, 0 released, 507105280 free
2024-11-14T22:27:49.572+0700 [DEBUG] [org.gradle.cache.internal.DefaultFileLockManager] Waiting to acquire shared lock on daemon addresses registry.
2024-11-14T22:27:49.572+0700 [DEBUG] [org.gradle.cache.internal.DefaultFileLockManager] Lock acquired on daemon addresses registry.
2024-11-14T22:27:49.573+0700 [DEBUG] [org.gradle.cache.internal.DefaultFileLockManager] Releasing lock on daemon addresses registry.
2024-11-14T22:27:49.573+0700 [DEBUG] [org.gradle.cache.internal.DefaultFileLockManager] Waiting to acquire shared lock on daemon addresses registry.
2024-11-14T22:27:49.573+0700 [DEBUG] [org.gradle.cache.internal.DefaultFileLockManager] Lock acquired on daemon addresses registry.
2024-11-14T22:27:49.574+0700 [DEBUG] [org.gradle.cache.internal.DefaultFileLockManager] Releasing lock on daemon addresses registry.
2024-11-14T22:27:49.574+0700 [DEBUG] [org.gradle.cache.internal.DefaultFileLockManager] Waiting to acquire shared lock on daemon addresses registry.
2024-11-14T22:27:49.574+0700 [DEBUG] [org.gradle.cache.internal.DefaultFileLockManager] Lock acquired on daemon addresses registry.
2024-11-14T22:27:49.574+0700 [DEBUG] [org.gradle.cache.internal.DefaultFileLockManager] Releasing lock on daemon addresses registry.
2024-11-14T22:27:53.590+0700 [DEBUG] [org.gradle.internal.remote.internal.inet.TcpIncomingConnector] Accepted connection from /127.0.0.1:50151 to /127.0.0.1:49930.
2024-11-14T22:27:53.670+0700 [DEBUG] [org.gradle.launcher.daemon.server.SynchronizedDispatchConnection] thread 182: received class org.gradle.launcher.daemon.protocol.StopWhenIdle
2024-11-14T22:27:53.671+0700 [DEBUG] [org.gradle.launcher.daemon.server.DefaultDaemonConnection] thread 182: Received non-IO message from client: StopWhenIdle[id=f9ee2c10-e960-4572-9b31-a179ccd4df7a]
2024-11-14T22:27:53.671+0700 [INFO] [org.gradle.launcher.daemon.server.DefaultIncomingConnectionHandler] Received command: StopWhenIdle[id=f9ee2c10-e960-4572-9b31-a179ccd4df7a].
2024-11-14T22:27:53.672+0700 [DEBUG] [org.gradle.launcher.daemon.server.DefaultIncomingConnectionHandler] Starting executing command: StopWhenIdle[id=f9ee2c10-e960-4572-9b31-a179ccd4df7a] with connection: socket connection from /127.0.0.1:49930 to /127.0.0.1:50151.
2024-11-14T22:27:53.675+0700 [DEBUG] [org.gradle.launcher.daemon.server.DaemonRegistryUpdater] Storing daemon stop event: stop command received
2024-11-14T22:27:53.697+0700 [DEBUG] [org.gradle.launcher.daemon.registry.PersistentDaemonRegistry] Storing daemon stop event with timestamp 1731598073675
2024-11-14T22:27:53.699+0700 [DEBUG] [org.gradle.cache.internal.DefaultFileLockManager] Waiting to acquire exclusive lock on daemon addresses registry.
2024-11-14T22:27:53.702+0700 [DEBUG] [org.gradle.cache.internal.DefaultFileLockManager] Lock acquired on daemon addresses registry.
2024-11-14T22:27:53.703+0700 [DEBUG] [org.gradle.cache.internal.DefaultFileLockManager] Releasing lock on daemon addresses registry.
2024-11-14T22:27:53.704+0700 [LIFECYCLE] [org.gradle.launcher.daemon.server.DaemonStateCoordinator] Daemon will be stopped at the end of the build stop command received
2024-11-14T22:27:53.704+0700 [DEBUG] [org.gradle.launcher.daemon.server.DaemonStateCoordinator] Marking daemon stopped due to stop command received. The daemon is running a build: false
2024-11-14T22:27:53.705+0700 [DEBUG] [org.gradle.launcher.daemon.server.SynchronizedDispatchConnection] thread 181: dispatching Success[value=null]
2024-11-14T22:27:53.705+0700 [DEBUG] [org.gradle.launcher.daemon.server.DaemonStateCoordinator] daemon has stopped.
2024-11-14T22:27:53.706+0700 [DEBUG] [org.gradle.launcher.daemon.server.Daemon] stop() called on daemon
2024-11-14T22:27:53.706+0700 [DEBUG] [org.gradle.launcher.daemon.server.SynchronizedDispatchConnection] thread 182: received class org.gradle.launcher.daemon.protocol.Finished
2024-11-14T22:27:53.706+0700 [DEBUG] [org.gradle.launcher.daemon.server.DefaultIncomingConnectionHandler] Finishing executing command: StopWhenIdle[id=f9ee2c10-e960-4572-9b31-a179ccd4df7a]
2024-11-14T22:27:53.708+0700 [DEBUG] [org.gradle.launcher.daemon.server.DefaultDaemonConnection] thread 182: Received non-IO message from client: org.gradle.launcher.daemon.protocol.Finished@2c665301
2024-11-14T22:27:53.708+0700 [INFO] [org.gradle.launcher.daemon.server.Daemon] Stop requested. Daemon is removing its presence from the registry...
2024-11-14T22:27:53.708+0700 [DEBUG] [org.gradle.launcher.daemon.server.DefaultIncomingConnectionHandler] Received finished message: org.gradle.launcher.daemon.protocol.Finished@2c665301
2024-11-14T22:27:53.708+0700 [DEBUG] [org.gradle.launcher.daemon.server.SynchronizedDispatchConnection] thread 181: stopping connection
2024-11-14T22:27:53.711+0700 [DEBUG] [org.gradle.internal.remote.internal.inet.SocketConnection] Discarding EOFException: java.io.EOFException
2024-11-14T22:27:53.711+0700 [DEBUG] [org.gradle.launcher.daemon.server.SynchronizedDispatchConnection] thread 182: received null
2024-11-14T22:27:53.711+0700 [DEBUG] [org.gradle.launcher.daemon.server.DefaultDaemonConnection] thread 182: Received end-of-input from client.
2024-11-14T22:27:53.711+0700 [DEBUG] [org.gradle.launcher.daemon.server.SynchronizedDispatchConnection] thread 181: stopping connection
2024-11-14T22:27:53.723+0700 [DEBUG] [org.gradle.launcher.daemon.server.DaemonRegistryUpdater] Removing our presence to clients, eg. removing this address from the registry: [d041c229-52c4-45b2-b42d-d62c0eaa970f port:49930, addresses:[localhost/127.0.0.1]]
2024-11-14T22:27:53.723+0700 [DEBUG] [org.gradle.launcher.daemon.registry.PersistentDaemonRegistry] Removing daemon address: [d041c229-52c4-45b2-b42d-d62c0eaa970f port:49930, addresses:[localhost/127.0.0.1]]
2024-11-14T22:27:53.734+0700 [DEBUG] [org.gradle.cache.internal.DefaultFileLockManager] Waiting to acquire exclusive lock on daemon addresses registry.
2024-11-14T22:27:53.735+0700 [DEBUG] [org.gradle.cache.internal.DefaultFileLockManager] Lock acquired on daemon addresses registry.
2024-11-14T22:27:53.737+0700 [DEBUG] [org.gradle.cache.internal.DefaultFileLockManager] Releasing lock on daemon addresses registry.
2024-11-14T22:27:53.737+0700 [DEBUG] [org.gradle.launcher.daemon.server.DaemonRegistryUpdater] Address removed from registry.
2024-11-14T22:27:53.857+0700 [DEBUG] [org.gradle.cache.internal.LockOnDemandCrossProcessCacheAccess] Releasing file lock for jars (C:\Users\Hello\AndroidStudioProjects\QLTV 2.0\MOB2041_DuAnMauAndroid\caches\jars-9)
2024-11-14T22:27:53.858+0700 [DEBUG] [org.gradle.cache.internal.DefaultFileLockManager] Releasing lock on jars (C:\Users\Hello\AndroidStudioProjects\QLTV 2.0\MOB2041_DuAnMauAndroid\caches\jars-9).
2024-11-14T22:27:53.859+0700 [DEBUG] [org.gradle.cache.internal.DefaultPersistentDirectoryStore] jars (C:\Users\Hello\AndroidStudioProjects\QLTV 2.0\MOB2041_DuAnMauAndroid\caches\jars-9) has last been fully cleaned up 154 hours ago
2024-11-14T22:27:53.868+0700 [INFO] [org.gradle.cache.internal.AbstractCacheCleanup] jars (C:\Users\Hello\AndroidStudioProjects\QLTV 2.0\MOB2041_DuAnMauAndroid\caches\jars-9) cleanup deleted 0 files/directories.
2024-11-14T22:27:53.871+0700 [INFO] [org.gradle.cache.internal.LeastRecentlyUsedCacheCleanup] jars (C:\Users\Hello\AndroidStudioProjects\QLTV 2.0\MOB2041_DuAnMauAndroid\caches\jars-9) removing files not accessed on or after Thu Nov 07 22:26:31 ICT 2024.
2024-11-14T22:27:54.006+0700 [INFO] [org.gradle.cache.internal.AbstractCacheCleanup] jars (C:\Users\Hello\AndroidStudioProjects\QLTV 2.0\MOB2041_DuAnMauAndroid\caches\jars-9) cleanup deleted 26 files/directories.
2024-11-14T22:27:54.007+0700 [INFO] [org.gradle.cache.internal.DefaultPersistentDirectoryStore] jars (C:\Users\Hello\AndroidStudioProjects\QLTV 2.0\MOB2041_DuAnMauAndroid\caches\jars-9) cleaned up in 0.145 secs.
2024-11-14T22:27:54.009+0700 [DEBUG] [org.gradle.cache.internal.LockOnDemandCrossProcessCacheAccess] Releasing file lock for file content cache (C:\Users\Hello\AndroidStudioProjects\QLTV 2.0\MOB2041_DuAnMauAndroid\caches\8.7\fileContent)
2024-11-14T22:27:54.009+0700 [DEBUG] [org.gradle.cache.internal.DefaultFileLockManager] Releasing lock on file content cache (C:\Users\Hello\AndroidStudioProjects\QLTV 2.0\MOB2041_DuAnMauAndroid\caches\8.7\fileContent).
2024-11-14T22:27:54.011+0700 [DEBUG] [org.gradle.internal.watch.vfs.impl.WatchingVirtualFileSystem] Closing VFS, dropping state
2024-11-14T22:27:54.027+0700 [DEBUG] [org.gradle.cache.internal.DefaultCacheCoordinator] Cache Generated Gradle JARs cache (C:\Users\Hello\AndroidStudioProjects\QLTV 2.0\MOB2041_DuAnMauAndroid\caches\8.7\generated-gradle-jars) was closed 0 times.
2024-11-14T22:27:54.027+0700 [DEBUG] [org.gradle.internal.watch.registry.impl.DefaultFileWatcherRegistry] Finished listening to file system change events
2024-11-14T22:27:54.029+0700 [DEBUG] [org.gradle.cache.internal.DefaultPersistentDirectoryStore] Artifact transforms cache (C:\Users\Hello\AndroidStudioProjects\QLTV 2.0\MOB2041_DuAnMauAndroid\caches\transforms-4) has last been fully cleaned up 154 hours ago
2024-11-14T22:27:54.029+0700 [INFO] [org.gradle.cache.internal.LeastRecentlyUsedCacheCleanup] Artifact transforms cache (C:\Users\Hello\AndroidStudioProjects\QLTV 2.0\MOB2041_DuAnMauAndroid\caches\transforms-4) removing files not accessed on or after Thu Nov 07 22:26:31 ICT 2024.
2024-11-14T22:27:54.131+0700 [DEBUG] [org.gradle.process.internal.health.memory.DefaultMemoryManager] 789794406 physical memory requested, 506601472 free
2024-11-14T22:27:54.132+0700 [DEBUG] [org.gradle.process.internal.health.memory.DefaultMemoryManager] 789794406 physical memory requested, 0 released, 506601472 free
2024-11-14T22:27:54.321+0700 [INFO] [org.gradle.cache.internal.AbstractCacheCleanup] Artifact transforms cache (C:\Users\Hello\AndroidStudioProjects\QLTV 2.0\MOB2041_DuAnMauAndroid\caches\transforms-4) cleanup deleted 91 files/directories.
2024-11-14T22:27:54.322+0700 [INFO] [org.gradle.cache.internal.DefaultPersistentDirectoryStore] Artifact transforms cache (C:\Users\Hello\AndroidStudioProjects\QLTV 2.0\MOB2041_DuAnMauAndroid\caches\transforms-4) cleaned up in 0.293 secs.
2024-11-14T22:27:54.322+0700 [DEBUG] [org.gradle.cache.internal.DefaultCacheCoordinator] Cache Artifact transforms cache (C:\Users\Hello\AndroidStudioProjects\QLTV 2.0\MOB2041_DuAnMauAndroid\caches\transforms-4) was closed 0 times.
2024-11-14T22:27:54.322+0700 [DEBUG] [org.gradle.cache.internal.LockOnDemandCrossProcessCacheAccess] Releasing file lock for artifact cache (C:\Users\Hello\AndroidStudioProjects\QLTV 2.0\MOB2041_DuAnMauAndroid\caches\modules-2)
2024-11-14T22:27:54.326+0700 [DEBUG] [org.gradle.cache.internal.btree.BTreePersistentIndexedCache] Closing cache module-artifact.bin (C:\Users\Hello\AndroidStudioProjects\QLTV 2.0\MOB2041_DuAnMauAndroid\caches\modules-2\metadata-2.106\module-artifact.bin)
2024-11-14T22:27:54.327+0700 [DEBUG] [org.gradle.cache.internal.btree.BTreePersistentIndexedCache] Closing cache module-metadata.bin (C:\Users\Hello\AndroidStudioProjects\QLTV 2.0\MOB2041_DuAnMauAndroid\caches\modules-2\metadata-2.106\module-metadata.bin)
2024-11-14T22:27:54.328+0700 [DEBUG] [org.gradle.cache.internal.DefaultFileLockManager] Releasing lock on artifact cache (C:\Users\Hello\AndroidStudioProjects\QLTV 2.0\MOB2041_DuAnMauAndroid\caches\modules-2).
2024-11-14T22:27:54.329+0700 [DEBUG] [org.gradle.cache.internal.DefaultPersistentDirectoryStore] artifact cache (C:\Users\Hello\AndroidStudioProjects\QLTV 2.0\MOB2041_DuAnMauAndroid\caches\modules-2) has last been fully cleaned up 154 hours ago
2024-11-14T22:27:54.330+0700 [INFO] [org.gradle.cache.internal.AbstractCacheCleanup] artifact cache (C:\Users\Hello\AndroidStudioProjects\QLTV 2.0\MOB2041_DuAnMauAndroid\caches\modules-2) cleanup deleted 0 files/directories.
2024-11-14T22:27:54.332+0700 [INFO] [org.gradle.cache.internal.AbstractCacheCleanup] artifact cache (C:\Users\Hello\AndroidStudioProjects\QLTV 2.0\MOB2041_DuAnMauAndroid\caches\modules-2) [subdir: C:\Users\Hello\AndroidStudioProjects\QLTV 2.0\MOB2041_DuAnMauAndroid\caches\modules-2\resources-2.1] cleanup deleted 0 files/directories.
2024-11-14T22:27:54.332+0700 [INFO] [org.gradle.cache.internal.LeastRecentlyUsedCacheCleanup] artifact cache (C:\Users\Hello\AndroidStudioProjects\QLTV 2.0\MOB2041_DuAnMauAndroid\caches\modules-2) [subdir: C:\Users\Hello\AndroidStudioProjects\QLTV 2.0\MOB2041_DuAnMauAndroid\caches\modules-2\resources-2.1] removing files not accessed on or after Tue Oct 15 22:26:31 ICT 2024.
2024-11-14T22:27:54.332+0700 [INFO] [org.gradle.cache.internal.AbstractCacheCleanup] artifact cache (C:\Users\Hello\AndroidStudioProjects\QLTV 2.0\MOB2041_DuAnMauAndroid\caches\modules-2) [subdir: C:\Users\Hello\AndroidStudioProjects\QLTV 2.0\MOB2041_DuAnMauAndroid\caches\modules-2\resources-2.1] cleanup deleted 0 files/directories.
2024-11-14T22:27:54.333+0700 [INFO] [org.gradle.cache.internal.AbstractCacheCleanup] artifact cache (C:\Users\Hello\AndroidStudioProjects\QLTV 2.0\MOB2041_DuAnMauAndroid\caches\modules-2) [subdir: C:\Users\Hello\AndroidStudioProjects\QLTV 2.0\MOB2041_DuAnMauAndroid\caches\modules-2\files-2.1] cleanup deleted 0 files/directories.
2024-11-14T22:27:54.333+0700 [INFO] [org.gradle.cache.internal.LeastRecentlyUsedCacheCleanup] artifact cache (C:\Users\Hello\AndroidStudioProjects\QLTV 2.0\MOB2041_DuAnMauAndroid\caches\modules-2) [subdir: C:\Users\Hello\AndroidStudioProjects\QLTV 2.0\MOB2041_DuAnMauAndroid\caches\modules-2\files-2.1] removing files not accessed on or after Tue Oct 15 22:26:31 ICT 2024.
2024-11-14T22:27:54.553+0700 [INFO] [org.gradle.cache.internal.AbstractCacheCleanup] artifact cache (C:\Users\Hello\AndroidStudioProjects\QLTV 2.0\MOB2041_DuAnMauAndroid\caches\modules-2) [subdir: C:\Users\Hello\AndroidStudioProjects\QLTV 2.0\MOB2041_DuAnMauAndroid\caches\modules-2\files-2.1] cleanup deleted 0 files/directories.
2024-11-14T22:27:54.555+0700 [INFO] [org.gradle.cache.internal.AbstractCacheCleanup] artifact cache (C:\Users\Hello\AndroidStudioProjects\QLTV 2.0\MOB2041_DuAnMauAndroid\caches\modules-2) [subdir: C:\Users\Hello\AndroidStudioProjects\QLTV 2.0\MOB2041_DuAnMauAndroid\caches\modules-2\metadata-2.106] cleanup deleted 0 files/directories.
2024-11-14T22:27:54.556+0700 [INFO] [org.gradle.cache.internal.DefaultPersistentDirectoryStore] artifact cache (C:\Users\Hello\AndroidStudioProjects\QLTV 2.0\MOB2041_DuAnMauAndroid\caches\modules-2) cleaned up in 0.227 secs.
2024-11-14T22:27:54.562+0700 [DEBUG] [org.gradle.cache.internal.DefaultPersistentDirectoryStore] groovy-dsl (C:\Users\Hello\AndroidStudioProjects\QLTV 2.0\MOB2041_DuAnMauAndroid\caches\8.7\groovy-dsl) has last been fully cleaned up 154 hours ago
2024-11-14T22:27:54.563+0700 [INFO] [org.gradle.cache.internal.LeastRecentlyUsedCacheCleanup] groovy-dsl (C:\Users\Hello\AndroidStudioProjects\QLTV 2.0\MOB2041_DuAnMauAndroid\caches\8.7\groovy-dsl) removing files not accessed on or after Thu Nov 07 22:26:31 ICT 2024.
2024-11-14T22:27:54.657+0700 [INFO] [org.gradle.cache.internal.AbstractCacheCleanup] groovy-dsl (C:\Users\Hello\AndroidStudioProjects\QLTV 2.0\MOB2041_DuAnMauAndroid\caches\8.7\groovy-dsl) cleanup deleted 6 files/directories.
2024-11-14T22:27:54.658+0700 [INFO] [org.gradle.cache.internal.DefaultPersistentDirectoryStore] groovy-dsl (C:\Users\Hello\AndroidStudioProjects\QLTV 2.0\MOB2041_DuAnMauAndroid\caches\8.7\groovy-dsl) cleaned up in 0.095 secs.
2024-11-14T22:27:54.658+0700 [DEBUG] [org.gradle.cache.internal.DefaultCacheCoordinator] Cache groovy-dsl (C:\Users\Hello\AndroidStudioProjects\QLTV 2.0\MOB2041_DuAnMauAndroid\caches\8.7\groovy-dsl) was closed 0 times.
2024-11-14T22:27:54.659+0700 [DEBUG] [org.gradle.cache.internal.LockOnDemandCrossProcessCacheAccess] Releasing file lock for journal cache (C:\Users\Hello\AndroidStudioProjects\QLTV 2.0\MOB2041_DuAnMauAndroid\caches\journal-1)
2024-11-14T22:27:54.659+0700 [DEBUG] [org.gradle.cache.internal.btree.BTreePersistentIndexedCache] Closing cache file-access.bin (C:\Users\Hello\AndroidStudioProjects\QLTV 2.0\MOB2041_DuAnMauAndroid\caches\journal-1\file-access.bin)
2024-11-14T22:27:54.659+0700 [DEBUG] [org.gradle.cache.internal.DefaultFileLockManager] Releasing lock on journal cache (C:\Users\Hello\AndroidStudioProjects\QLTV 2.0\MOB2041_DuAnMauAndroid\caches\journal-1).
2024-11-14T22:27:54.660+0700 [DEBUG] [org.gradle.cache.internal.LockOnDemandCrossProcessCacheAccess] Releasing file lock for file hash cache (C:\Users\Hello\AndroidStudioProjects\QLTV 2.0\MOB2041_DuAnMauAndroid\caches\8.7\fileHashes)
2024-11-14T22:27:54.660+0700 [DEBUG] [org.gradle.cache.internal.btree.BTreePersistentIndexedCache] Closing cache fileHashes.bin (C:\Users\Hello\AndroidStudioProjects\QLTV 2.0\MOB2041_DuAnMauAndroid\caches\8.7\fileHashes\fileHashes.bin)
2024-11-14T22:27:54.667+0700 [DEBUG] [org.gradle.cache.internal.btree.BTreePersistentIndexedCache] Closing cache resourceHashesCache.bin (C:\Users\Hello\AndroidStudioProjects\QLTV 2.0\MOB2041_DuAnMauAndroid\caches\8.7\fileHashes\resourceHashesCache.bin)
2024-11-14T22:27:54.668+0700 [DEBUG] [org.gradle.cache.internal.DefaultFileLockManager] Releasing lock on file hash cache (C:\Users\Hello\AndroidStudioProjects\QLTV 2.0\MOB2041_DuAnMauAndroid\caches\8.7\fileHashes).
2024-11-14T22:27:54.683+0700 [DEBUG] [org.gradle.cache.internal.VersionSpecificCacheCleanupAction] Processed version-specific caches at C:\Users\Hello\AndroidStudioProjects\QLTV 2.0\MOB2041_DuAnMauAndroid\caches for cleanup in 0.001 secs
Daemon vm is shutting down... The daemon has exited normally or was terminated in response to a user interrupt.
2024-11-14T22:27:54.694+0700 [DEBUG] [org.gradle.launcher.daemon.registry.PersistentDaemonRegistry] Removing daemon address: [d041c229-52c4-45b2-b42d-d62c0eaa970f port:49930, addresses:[localhost/127.0.0.1]]
2024-11-14T22:27:54.695+0700 [DEBUG] [org.gradle.cache.internal.DefaultFileLockManager] Waiting to acquire exclusive lock on daemon addresses registry.
2024-11-14T22:27:54.696+0700 [DEBUG] [org.gradle.cache.internal.DefaultFileLockManager] Lock acquired on daemon addresses registry.
2024-11-14T22:27:54.697+0700 [DEBUG] [org.gradle.cache.internal.DefaultFileLockManager] Releasing lock on daemon addresses registry.
